
==== ADVENTURE INPUT, Wed Oct 24 13:15:06 2018
>s
>make
>make

==== ADVENTURE INPUT, Wed Oct 24 13:15:39 2018
>q
>quit

==== ADVENTURE INPUT, Wed Oct 24 13:15:48 2018

==== ADVENTURE INPUT, Wed Oct 24 13:16:00 2018
>prolog
>ls

==== ADVENTURE INPUT, Wed Oct 24 13:22:58 2018

==== ADVENTURE INPUT, Wed Oct 24 13:30:33 2018

==== ADVENTURE INPUT, Wed Oct 24 13:31:06 2018

==== ADVENTURE INPUT, Wed Oct 24 13:39:22 2018
>cls
>cls
>cls
>prolog

==== ADVENTURE INPUT, Wed Oct 24 13:41:55 2018
>props
>i

==== ADVENTURE INPUT, Thu Oct 25 03:17:36 2018

==== ADVENTURE INPUT, Fri Oct 26 02:01:43 2018

==== ADVENTURE INPUT, Fri Oct 26 02:12:31 2018

==== ADVENTURE INPUT, Fri Oct 26 02:13:14 2018
